<?xml version="1.0" encoding="UTF-8"?>
<!-- Generated by org.testng.reporters.JUnitReportReporter -->
<testsuite hostname="LAPTOP-QB6PLH45" failures="0" tests="2" name="softwareTestRunner.Testrunner_softwareTest" time="2.251" errors="0" timestamp="2024-07-12T14:05:54 CDT" skipped="0">
  <testcase classname="softwareTestRunner.Testrunner_softwareTest" name="feature" time="1.522"/>
  <testcase classname="softwareTestRunner.Testrunner_softwareTest" name="feature" time="0.729"/>
</testsuite> <!-- softwareTestRunner.Testrunner_softwareTest -->
