<?xml version="1.0" encoding="UTF-8"?>
<!-- Generated by org.testng.reporters.JUnitReportReporter -->
<testsuite hostname="LAPTOP-QB6PLH45" failures="0" tests="2" name="softwareTestRunner.Testrunner_softwareTest" time="4.939" errors="0" timestamp="2024-07-12T14:07:53 CDT" skipped="0">
  <testcase classname="softwareTestRunner.Testrunner_softwareTest" name="feature" time="0.827"/>
  <testcase classname="softwareTestRunner.Testrunner_softwareTest" name="feature" time="4.112"/>
</testsuite> <!-- softwareTestRunner.Testrunner_softwareTest -->
